<?xml version="1.0" encoding="UTF-8"?>
<!-- Generated by org.testng.reporters.JUnitReportReporter -->
<testsuite hostname="TGL193" failures="0" tests="1" name="com.PopUpHandling.Repository.PopUpsHandlingRunModule" time="18.498" errors="0" timestamp="2022-02-21T13:02:52 IST" skipped="0">
  <testcase classname="com.PopUpHandling.Repository.PopUpsHandlingRunModule" name="VerifiHomePage" time="18.498"/>
  <system-out/>
</testsuite> <!-- com.PopUpHandling.Repository.PopUpsHandlingRunModule -->
