<?xml version="1.0" encoding="UTF-8"?>
<!-- Generated by org.testng.reporters.JUnitReportReporter -->
<testsuite hostname="TGL193" failures="0" tests="1" name="com.TGApp.Repository.TGAppRunModule" time="42.544" errors="0" timestamp="2022-02-21T12:59:20 IST" skipped="0">
  <testcase classname="com.TGApp.Repository.TGAppRunModule" name="VerifiHomePage" time="42.544"/>
  <system-out/>
</testsuite> <!-- com.TGApp.Repository.TGAppRunModule -->
