<?xml version="1.0" encoding="UTF-8"?>
<!-- Generated by org.testng.reporters.JUnitReportReporter -->
<testsuite hostname="TGL193" failures="0" tests="1" name="com.Window_Tab.Repository.WindowsTabRunModule" time="26.253" errors="0" timestamp="2022-02-21T13:16:04 IST" skipped="0">
  <testcase classname="com.Window_Tab.Repository.WindowsTabRunModule" name="VerifiHomePage" time="26.253"/>
  <system-out/>
</testsuite> <!-- com.Window_Tab.Repository.WindowsTabRunModule -->
