<?xml version="1.0" encoding="UTF-8"?>
<!-- Generated by org.testng.reporters.JUnitReportReporter -->
<testsuite hostname="TGL193" failures="0" tests="1" name="com.TRUGlobal.Repository.TRUGlobalRunModule" time="119.378" errors="0" timestamp="2022-02-18T16:53:04 IST" skipped="0">
  <testcase classname="com.TRUGlobal.Repository.TRUGlobalRunModule" name="VerifiHomePage" time="119.378"/>
  <system-out/>
</testsuite> <!-- com.TRUGlobal.Repository.TRUGlobalRunModule -->
