<?xml version="1.0" encoding="UTF-8"?>
<!-- Generated by org.testng.reporters.JUnitReportReporter -->
<testsuite hostname="TGL193" failures="0" tests="1" name="com.FileUploadPopUp.Repository.FileUploadPopUpHandlingRunModule" time="21.174" errors="0" timestamp="2022-02-19T22:49:52 IST" skipped="0">
  <testcase classname="com.FileUploadPopUp.Repository.FileUploadPopUpHandlingRunModule" name="VerifiHomePage" time="21.174"/>
  <system-out/>
</testsuite> <!-- com.FileUploadPopUp.Repository.FileUploadPopUpHandlingRunModule -->
